<?xml version="1.0" encoding="UTF-8"?>
<!-- Generated by org.testng.reporters.JUnitXMLReporter -->
<testsuite ignored="0" hostname="Udayas-MacBook-Air.local" failures="1" tests="2" name="Nopackage" time="14.706" errors="0" timestamp="2023-11-14T22:49:44 IST">
  <testcase classname="com.tests.selenium.tests.FirstTestCase" name="verifyProductCheckout_PlaceOrder" time="5.227">
    <failure type="com.fasterxml.jackson.databind.exc.MismatchedInputException" message="Cannot deserialize value of type `com.app.selenium.dataObjects.Product` from Array value (token `JsonToken.START_ARRAY`)
 at [Source: (BufferedInputStream); line: 1, column: 1]">
      <![CDATA[com.fasterxml.jackson.databind.exc.MismatchedInputException: Cannot deserialize value of type `com.app.selenium.dataObjects.Product` from Array value (token `JsonToken.START_ARRAY`)
 at [Source: (BufferedInputStream); line: 1, column: 1]
at com.fasterxml.jackson.databind.exc.MismatchedInputException.from(MismatchedInputException.java:59)
at com.fasterxml.jackson.databind.DeserializationContext.reportInputMismatch(DeserializationContext.java:1752)
at com.fasterxml.jackson.databind.DeserializationContext.handleUnexpectedToken(DeserializationContext.java:1526)
at com.fasterxml.jackson.databind.DeserializationContext.handleUnexpectedToken(DeserializationContext.java:1473)
at com.fasterxml.jackson.databind.deser.BeanDeserializer._deserializeFromArray(BeanDeserializer.java:656)
at com.fasterxml.jackson.databind.deser.BeanDeserializer._deserializeOther(BeanDeserializer.java:211)
at com.fasterxml.jackson.databind.deser.BeanDeserializer.deserialize(BeanDeserializer.java:187)
at com.fasterxml.jackson.databind.deser.DefaultDeserializationContext.readRootValue(DefaultDeserializationContext.java:323)
at com.fasterxml.jackson.databind.ObjectMapper._readMapAndClose(ObjectMapper.java:4825)
at com.fasterxml.jackson.databind.ObjectMapper.readValue(ObjectMapper.java:3809)
at com.app.selenium.utils.JacksonUtils.deserializeJson(JacksonUtils.java:21)
at com.tests.selenium.tests.FirstTestCase.verifyProductCheckout_PlaceOrder(FirstTestCase.java:112)
at java.base/java.util.concurrent.ThreadPoolExecutor.runWorker(ThreadPoolExecutor.java:1144)
at java.base/java.util.concurrent.ThreadPoolExecutor$Worker.run(ThreadPoolExecutor.java:642)
at java.base/java.lang.Thread.run(Thread.java:1623)
... Removed 10 stack frames]]>
    </failure>
  </testcase> <!-- verifyProductCheckout_PlaceOrder -->
  <testcase classname="com.tests.selenium.tests.FirstTestCase" name="verifyAddBlueShoesToCart" time="11.623"/>
</testsuite> <!-- Nopackage -->
