<!DOCTYPE html>

<html>
  <head>
  <meta charset='utf-8'>
  <title>TestNG reports</title>

    <link type="text/css" href="testng-reports1.css" rel="stylesheet" id="ultra" />
    <link type="text/css" href="testng-reports.css" rel="stylesheet" id="retro" disabled="false"/>
    <script type="text/javascript" src="jquery-3.6.0.min.js"></script>
    <script type="text/javascript" src="testng-reports.js"></script>
    <script type="text/javascript" src="https://www.google.com/jsapi"></script>
    <script type='text/javascript'>
      google.load('visualization', '1', {packages:['table']});
      google.setOnLoadCallback(drawTable);
      var suiteTableInitFunctions = new Array();
      var suiteTableData = new Array();
    </script>
    <!--
      <script type="text/javascript" src="jquery-ui/js/jquery-ui-1.8.16.custom.min.js"></script>
     -->
  </head>

  <body>    <div class="top-banner-root">
      <span class="top-banner-title-font">Test results</span>
      <button id="button" class="button">Switch Retro Theme</button> <!-- button -->
      <br/>
      <span class="top-banner-font-1">1 suite, 3 failed tests</span>
    </div> <!-- top-banner-root -->
    <div class="navigator-root">
      <div class="navigator-suite-header">
        <span>All suites</span>
        <a href="#" title="Collapse/expand all the suites" class="collapse-all-link">
          <img src="collapseall.gif" class="collapse-all-icon">
          </img> <!-- collapse-all-icon -->
        </a> <!-- collapse-all-link -->
      </div> <!-- navigator-suite-header -->
      <div class="suite">
        <div class="rounded-window">
          <div class="suite-header light-rounded-window-top">
            <a href="#" panel-name="suite-RerunFailedTests" class="navigator-link">
              <span class="suite-name border-failed">RerunFailedTests</span>
            </a> <!-- navigator-link -->
          </div> <!-- suite-header light-rounded-window-top -->
          <div class="navigator-suite-content">
            <div class="suite-section-title">
              <span>Info</span>
            </div> <!-- suite-section-title -->
            <div class="suite-section-content">
              <ul>
                <li>
                  <a href="#" panel-name="test-xml-RerunFailedTests" class="navigator-link ">
                    <span>rerun_failed_1tests.xml</span>
                  </a> <!-- navigator-link  -->
                </li>
                <li>
                  <a href="#" panel-name="testlist-RerunFailedTests" class="navigator-link ">
                    <span class="test-stats">1 test</span>
                  </a> <!-- navigator-link  -->
                </li>
                <li>
                  <a href="#" panel-name="group-RerunFailedTests" class="navigator-link ">
                    <span>0 groups</span>
                  </a> <!-- navigator-link  -->
                </li>
                <li>
                  <a href="#" panel-name="times-RerunFailedTests" class="navigator-link ">
                    <span>Times</span>
                  </a> <!-- navigator-link  -->
                </li>
                <li>
                  <a href="#" panel-name="reporter-RerunFailedTests" class="navigator-link ">
                    <span>Reporter output</span>
                  </a> <!-- navigator-link  -->
                </li>
                <li>
                  <a href="#" panel-name="ignored-methods-RerunFailedTests" class="navigator-link ">
                    <span>Ignored methods</span>
                  </a> <!-- navigator-link  -->
                </li>
                <li>
                  <a href="#" panel-name="chronological-RerunFailedTests" class="navigator-link ">
                    <span>Chronological view</span>
                  </a> <!-- navigator-link  -->
                </li>
              </ul>
            </div> <!-- suite-section-content -->
            <div class="result-section">
              <div class="suite-section-title">
                <span>Results</span>
              </div> <!-- suite-section-title -->
              <div class="suite-section-content">
                <ul>
                  <li>
                    <span class="method-stats">3 methods, 3 failed,   </span>
                  </li>
                  <li>
                    <span class="method-list-title failed">Failed methods</span>
                    <span class="show-or-hide-methods failed">
                      <a href="#" panel-name="suite-RerunFailedTests" class="hide-methods failed suite-RerunFailedTests"> (hide)</a> <!-- hide-methods failed suite-RerunFailedTests -->
                      <a href="#" panel-name="suite-RerunFailedTests" class="show-methods failed suite-RerunFailedTests"> (show)</a> <!-- show-methods failed suite-RerunFailedTests -->
                    </span>
                    <div class="method-list-content failed suite-RerunFailedTests">
                      <span>
                        <img src="failed.png" width="3%"/>
                        <a href="#" panel-name="suite-RerunFailedTests" title="com.tests.selenium.optimizedTests.NavigationTest" class="method navigator-link" hash-for-method="NavigateFromHomeToFeaturedProductPage">NavigateFromHomeToFeaturedProductPage</a> <!-- method navigator-link -->
                      </span>
                      <br/>
                      <span>
                        <img src="failed.png" width="3%"/>
                        <a href="#" panel-name="suite-RerunFailedTests" title="com.tests.selenium.tests.appTests.FirstTestCase" class="method navigator-link" hash-for-method="verifyAddBlueShoesToCart">verifyAddBlueShoesToCart</a> <!-- method navigator-link -->
                      </span>
                      <br/>
                      <span>
                        <img src="failed.png" width="3%"/>
                        <a href="#" panel-name="suite-RerunFailedTests" title="com.tests.selenium.tests.appTests.FirstTestCase" class="method navigator-link" hash-for-method="verifyProductCheckout_PlaceOrder">verifyProductCheckout_PlaceOrder</a> <!-- method navigator-link -->
                      </span>
                      <br/>
                    </div> <!-- method-list-content failed suite-RerunFailedTests -->
                  </li>
                </ul>
              </div> <!-- suite-section-content -->
            </div> <!-- result-section -->
          </div> <!-- navigator-suite-content -->
        </div> <!-- rounded-window -->
      </div> <!-- suite -->
    </div> <!-- navigator-root -->
    <div class="wrapper">
      <div class="main-panel-root">
        <div panel-name="suite-RerunFailedTests" class="panel RerunFailedTests">
          <div class="suite-RerunFailedTests-class-failed">
            <div class="main-panel-header rounded-window-top">
              <img src="failed.png"/>
              <span class="class-name">com.tests.selenium.tests.appTests.FirstTestCase</span>
            </div> <!-- main-panel-header rounded-window-top -->
            <div class="main-panel-content rounded-window-bottom">
              <div class="method">
                <div class="method-content">
                  <a name="verifyAddBlueShoesToCart">
                  </a> <!-- verifyAddBlueShoesToCart -->
                  <span class="method-name">verifyAddBlueShoesToCart</span>
                  <div class="stack-trace">java.lang.AssertionError: expected [Blue Shoes1] but found [Blue Shoes]
	at com.tests.selenium.tests.appTests.FirstTestCase.verifyAddBlueShoesToCart(FirstTestCase.java:43)
	at java.base/java.util.concurrent.ThreadPoolExecutor.runWorker(ThreadPoolExecutor.java:1144)
	at java.base/java.util.concurrent.ThreadPoolExecutor$Worker.run(ThreadPoolExecutor.java:642)
	at java.base/java.lang.Thread.run(Thread.java:1623)
... Removed 16 stack frames
</div> <!-- stack-trace -->
                  <em>
(Testng description : Verify AddBlueShoes to Cart)                  </em>
                </div> <!-- method-content -->
              </div> <!-- method -->
              <div class="method">
                <div class="method-content">
                  <a name="verifyProductCheckout_PlaceOrder">
                  </a> <!-- verifyProductCheckout_PlaceOrder -->
                  <span class="method-name">verifyProductCheckout_PlaceOrder</span>
                  <div class="stack-trace">com.fasterxml.jackson.databind.exc.MismatchedInputException: Cannot deserialize value of type `com.app.selenium.dataObjects.Product` from Array value (token `JsonToken.START_ARRAY`)
 at [Source: (BufferedInputStream); line: 1, column: 1]
	at com.fasterxml.jackson.databind.exc.MismatchedInputException.from(MismatchedInputException.java:59)
	at com.fasterxml.jackson.databind.DeserializationContext.reportInputMismatch(DeserializationContext.java:1752)
	at com.fasterxml.jackson.databind.DeserializationContext.handleUnexpectedToken(DeserializationContext.java:1526)
	at com.fasterxml.jackson.databind.DeserializationContext.handleUnexpectedToken(DeserializationContext.java:1473)
	at com.fasterxml.jackson.databind.deser.BeanDeserializer._deserializeFromArray(BeanDeserializer.java:656)
	at com.fasterxml.jackson.databind.deser.BeanDeserializer._deserializeOther(BeanDeserializer.java:211)
	at com.fasterxml.jackson.databind.deser.BeanDeserializer.deserialize(BeanDeserializer.java:187)
	at com.fasterxml.jackson.databind.deser.DefaultDeserializationContext.readRootValue(DefaultDeserializationContext.java:323)
	at com.fasterxml.jackson.databind.ObjectMapper._readMapAndClose(ObjectMapper.java:4825)
	at com.fasterxml.jackson.databind.ObjectMapper.readValue(ObjectMapper.java:3809)
	at com.app.selenium.utils.JacksonUtils.deserializeJson(JacksonUtils.java:21)
	at com.tests.selenium.tests.appTests.FirstTestCase.verifyProductCheckout_PlaceOrder(FirstTestCase.java:112)
	at java.base/java.util.concurrent.ThreadPoolExecutor.runWorker(ThreadPoolExecutor.java:1144)
	at java.base/java.util.concurrent.ThreadPoolExecutor$Worker.run(ThreadPoolExecutor.java:642)
	at java.base/java.lang.Thread.run(Thread.java:1623)
... Removed 10 stack frames
</div> <!-- stack-trace -->
                  <em>
(Register User(API) and Place Order)                  </em>
                </div> <!-- method-content -->
              </div> <!-- method -->
            </div> <!-- main-panel-content rounded-window-bottom -->
          </div> <!-- suite-RerunFailedTests-class-failed -->
          <div class="suite-RerunFailedTests-class-failed">
            <div class="main-panel-header rounded-window-top">
              <img src="failed.png"/>
              <span class="class-name">com.tests.selenium.optimizedTests.NavigationTest</span>
            </div> <!-- main-panel-header rounded-window-top -->
            <div class="main-panel-content rounded-window-bottom">
              <div class="method">
                <div class="method-content">
                  <a name="NavigateFromHomeToFeaturedProductPage">
                  </a> <!-- NavigateFromHomeToFeaturedProductPage -->
                  <span class="method-name">NavigateFromHomeToFeaturedProductPage</span>
                  <div class="stack-trace">java.lang.AssertionError: expected [Blue Shoes] but found [Blue Shoes1]
	at com.tests.selenium.optimizedTests.NavigationTest.NavigateFromHomeToFeaturedProductPage(NavigationTest.java:44)
	at java.base/java.util.concurrent.ThreadPoolExecutor.runWorker(ThreadPoolExecutor.java:1144)
	at java.base/java.util.concurrent.ThreadPoolExecutor$Worker.run(ThreadPoolExecutor.java:642)
	at java.base/java.lang.Thread.run(Thread.java:1623)
... Removed 16 stack frames
</div> <!-- stack-trace -->
                </div> <!-- method-content -->
              </div> <!-- method -->
            </div> <!-- main-panel-content rounded-window-bottom -->
          </div> <!-- suite-RerunFailedTests-class-failed -->
        </div> <!-- panel RerunFailedTests -->
        <div panel-name="test-xml-RerunFailedTests" class="panel">
          <div class="main-panel-header rounded-window-top">
            <span class="header-content">/Users/udayabhaskar/Documents/Learning/SDET/SeleniumHybridFramework/src/test/resources/runners/rerun_failed_1tests.xml</span>
          </div> <!-- main-panel-header rounded-window-top -->
          <div class="main-panel-content rounded-window-bottom">
            <pre>
&lt;?xml version=&quot;1.0&quot; encoding=&quot;UTF-8&quot;?&gt;
&lt;!DOCTYPE suite SYSTEM &quot;https://testng.org/testng-1.0.dtd&quot;&gt;
&lt;suite thread-count=&quot;2&quot; parallel=&quot;methods&quot; name=&quot;RerunFailedTests&quot; guice-stage=&quot;DEVELOPMENT&quot; verbose=&quot;0&quot;&gt;
  &lt;test thread-count=&quot;2&quot; parallel=&quot;methods&quot; name=&quot;Retry Failed Tests&quot; verbose=&quot;0&quot;&gt;
    &lt;classes&gt;
      &lt;class name=&quot;com.tests.selenium.optimizedTests.NavigationTest&quot;&gt;
        &lt;methods&gt;
          &lt;include name=&quot;NavigateFromHomeToFeaturedProductPage&quot;/&gt;
        &lt;/methods&gt;
      &lt;/class&gt; &lt;!-- com.tests.selenium.optimizedTests.NavigationTest --&gt;
      &lt;class name=&quot;com.tests.selenium.tests.appTests.FirstTestCase&quot;&gt;
        &lt;methods&gt;
          &lt;include name=&quot;verifyProductCheckout_PlaceOrder&quot;/&gt;
        &lt;/methods&gt;
      &lt;/class&gt; &lt;!-- com.tests.selenium.tests.appTests.FirstTestCase --&gt;
      &lt;class name=&quot;com.tests.selenium.tests.appTests.FirstTestCase&quot;&gt;
        &lt;methods&gt;
          &lt;include name=&quot;verifyAddBlueShoesToCart&quot;/&gt;
        &lt;/methods&gt;
      &lt;/class&gt; &lt;!-- com.tests.selenium.tests.appTests.FirstTestCase --&gt;
    &lt;/classes&gt;
  &lt;/test&gt; &lt;!-- Retry Failed Tests --&gt;
&lt;/suite&gt; &lt;!-- RerunFailedTests --&gt;
            </pre>
          </div> <!-- main-panel-content rounded-window-bottom -->
        </div> <!-- panel -->
        <div panel-name="testlist-RerunFailedTests" class="panel">
          <div class="main-panel-header rounded-window-top">
            <span class="header-content">Tests for RerunFailedTests</span>
          </div> <!-- main-panel-header rounded-window-top -->
          <div class="main-panel-content rounded-window-bottom">
            <ul>
              <li>
                <span class="test-name">Retry Failed Tests (3 classes)</span>
              </li>
            </ul>
          </div> <!-- main-panel-content rounded-window-bottom -->
        </div> <!-- panel -->
        <div panel-name="group-RerunFailedTests" class="panel">
          <div class="main-panel-header rounded-window-top">
            <span class="header-content">Groups for RerunFailedTests</span>
          </div> <!-- main-panel-header rounded-window-top -->
          <div class="main-panel-content rounded-window-bottom">
          </div> <!-- main-panel-content rounded-window-bottom -->
        </div> <!-- panel -->
        <div panel-name="times-RerunFailedTests" class="panel">
          <div class="main-panel-header rounded-window-top">
            <span class="header-content">Times for RerunFailedTests</span>
          </div> <!-- main-panel-header rounded-window-top -->
          <div class="main-panel-content rounded-window-bottom">
            <div class="times-div">
              <script type="text/javascript">
suiteTableInitFunctions.push('tableData_RerunFailedTests');
function tableData_RerunFailedTests() {
var data = new google.visualization.DataTable();
data.addColumn('number', 'Number');
data.addColumn('string', 'Method');
data.addColumn('string', 'Class');
data.addColumn('number', 'Time (ms)');
data.addRows(3);
data.setCell(0, 0, 0)
data.setCell(0, 1, 'verifyAddBlueShoesToCart')
data.setCell(0, 2, 'com.tests.selenium.tests.appTests.FirstTestCase')
data.setCell(0, 3, 11091);
data.setCell(1, 0, 1)
data.setCell(1, 1, 'NavigateFromHomeToFeaturedProductPage')
data.setCell(1, 2, 'com.tests.selenium.optimizedTests.NavigationTest')
data.setCell(1, 3, 7596);
data.setCell(2, 0, 2)
data.setCell(2, 1, 'verifyProductCheckout_PlaceOrder')
data.setCell(2, 2, 'com.tests.selenium.tests.appTests.FirstTestCase')
data.setCell(2, 3, 27);
window.suiteTableData['RerunFailedTests']= { tableData: data, tableDiv: 'times-div-RerunFailedTests'}
return data;
}
              </script>
              <span class="suite-total-time">Total running time: 18 seconds</span>
              <div id="times-div-RerunFailedTests">
              </div> <!-- times-div-RerunFailedTests -->
            </div> <!-- times-div -->
          </div> <!-- main-panel-content rounded-window-bottom -->
        </div> <!-- panel -->
        <div panel-name="reporter-RerunFailedTests" class="panel">
          <div class="main-panel-header rounded-window-top">
            <span class="header-content">Reporter output for RerunFailedTests</span>
          </div> <!-- main-panel-header rounded-window-top -->
          <div class="main-panel-content rounded-window-bottom">
          </div> <!-- main-panel-content rounded-window-bottom -->
        </div> <!-- panel -->
        <div panel-name="ignored-methods-RerunFailedTests" class="panel">
          <div class="main-panel-header rounded-window-top">
            <span class="header-content">2 ignored methods</span>
          </div> <!-- main-panel-header rounded-window-top -->
          <div class="main-panel-content rounded-window-bottom">
            <div class="ignored-class-div">
              <span class="ignored-class-name">com.tests.selenium.optimizedTests.NavigationTest</span>
              <div class="ignored-methods-div">
                <span class="ignored-method-name">NavigateFromStoreToProductPage</span>
                <br/>
                <span class="ignored-method-name">NavigationFromHomeToStoreUSingMainMenu</span>
                <br/>
              </div> <!-- ignored-methods-div -->
            </div> <!-- ignored-class-div -->
          </div> <!-- main-panel-content rounded-window-bottom -->
        </div> <!-- panel -->
        <div panel-name="chronological-RerunFailedTests" class="panel">
          <div class="main-panel-header rounded-window-top">
            <span class="header-content">Methods in chronological order</span>
          </div> <!-- main-panel-header rounded-window-top -->
          <div class="main-panel-content rounded-window-bottom">
            <div class="chronological-class">
              <div class="chronological-class-name">com.tests.selenium.tests.appTests.FirstTestCase</div> <!-- chronological-class-name -->
              <div class="configuration-method before">
                <span class="method-name">startDriver()</span>
                <span class="method-start">0 ms</span>
              </div> <!-- configuration-method before -->
            </div> <!-- chronological-class -->
            <div class="chronological-class">
              <div class="chronological-class-name">com.tests.selenium.optimizedTests.NavigationTest</div> <!-- chronological-class-name -->
              <div class="configuration-method before">
                <span class="method-name">startDriver()</span>
                <span class="method-start">0 ms</span>
              </div> <!-- configuration-method before -->
              <div class="test-method">
                <img src="failed.png">
                </img>
                <span class="method-name">NavigateFromHomeToFeaturedProductPage</span>
                <span class="method-start">2632 ms</span>
              </div> <!-- test-method -->
            </div> <!-- chronological-class -->
            <div class="chronological-class">
              <div class="chronological-class-name">com.tests.selenium.tests.appTests.FirstTestCase</div> <!-- chronological-class-name -->
              <div class="test-method">
                <img src="failed.png">
                </img>
                <span class="method-name">verifyAddBlueShoesToCart</span>
                <span class="method-start">2632 ms</span>
              </div> <!-- test-method -->
            </div> <!-- chronological-class -->
            <div class="chronological-class">
              <div class="chronological-class-name">com.tests.selenium.optimizedTests.NavigationTest</div> <!-- chronological-class-name -->
              <div class="configuration-method after">
                <span class="method-name">quitDriver([TestResult name=NavigateFromHomeToFeaturedProductPage status=FAILURE method=NavigationTest.Navigate...)</span>
                <span class="method-start">10237 ms</span>
              </div> <!-- configuration-method after -->
            </div> <!-- chronological-class -->
            <div class="chronological-class">
              <div class="chronological-class-name">com.tests.selenium.tests.appTests.FirstTestCase</div> <!-- chronological-class-name -->
              <div class="configuration-method before">
                <span class="method-name">startDriver()</span>
                <span class="method-start">10595 ms</span>
              </div> <!-- configuration-method before -->
              <div class="test-method">
                <img src="failed.png">
                </img>
                <span class="method-name">verifyProductCheckout_PlaceOrder</span>
                <span class="method-start">11725 ms</span>
              </div> <!-- test-method -->
              <div class="configuration-method after">
                <span class="method-name">quitDriver([TestResult name=verifyProductCheckout_PlaceOrder status=FAILURE method=FirstTestCase.verifyProductC...)</span>
                <span class="method-start">11754 ms</span>
              </div> <!-- configuration-method after -->
              <div class="configuration-method after">
                <span class="method-name">quitDriver([TestResult name=verifyAddBlueShoesToCart status=FAILURE method=FirstTestCase.verifyAddBlueShoesToCa...)</span>
                <span class="method-start">13725 ms</span>
              </div> <!-- configuration-method after -->
          </div> <!-- main-panel-content rounded-window-bottom -->
        </div> <!-- panel -->
      </div> <!-- main-panel-root -->
    </div> <!-- wrapper -->
  </body>
<script type="text/javascript" src="testng-reports2.js"></script>
</html>
