<?xml version="1.0" encoding="UTF-8"?>
<testng-results ignored="0" total="3" passed="2" failed="1" skipped="0">
  <reporter-output>
  </reporter-output>
  <suite started-at="2024-03-30T15:20:17 IST" name="Suite_Sanity" finished-at="2024-03-30T15:20:31 IST" duration-ms="14456">
    <groups>
    </groups>
    <test started-at="2024-03-30T15:20:17 IST" name="Sanity_Test" finished-at="2024-03-30T15:20:31 IST" duration-ms="14456">
      <class name="com.tests.selenium.optimizedTests.NavigationTest">
        <test-method is-config="true" signature="startDriver(java.lang.String)[pri:0, instance:com.tests.selenium.optimizedTests.NavigationTest@ddf20fd]" started-at="2024-03-30T15:20:17 IST" name="startDriver" finished-at="2024-03-30T15:20:20 IST" duration-ms="3554" status="PASS">
          <params>
            <param index="0">
              <value>
                <![CDATA[CHROME]]>
              </value>
            </param>
          </params>
          <reporter-output>
          </reporter-output>
        </test-method> <!-- startDriver -->
        <test-method is-config="true" signature="startDriver(java.lang.String)[pri:0, instance:com.tests.selenium.optimizedTests.NavigationTest@ddf20fd]" started-at="2024-03-30T15:20:17 IST" name="startDriver" finished-at="2024-03-30T15:20:19 IST" duration-ms="2323" status="PASS">
          <params>
            <param index="0">
              <value>
                <![CDATA[CHROME]]>
              </value>
            </param>
          </params>
          <reporter-output>
          </reporter-output>
        </test-method> <!-- startDriver -->
        <test-method signature="NavigateFromStoreToProductPage()[pri:0, instance:com.tests.selenium.optimizedTests.NavigationTest@ddf20fd]" started-at="2024-03-30T15:20:19 IST" name="NavigateFromStoreToProductPage" finished-at="2024-03-30T15:20:25 IST" duration-ms="5673" status="PASS">
          <reporter-output>
          </reporter-output>
        </test-method> <!-- NavigateFromStoreToProductPage -->
        <test-method signature="NavigateFromHomeToFeaturedProductPage()[pri:0, instance:com.tests.selenium.optimizedTests.NavigationTest@ddf20fd]" started-at="2024-03-30T15:20:20 IST" name="NavigateFromHomeToFeaturedProductPage" finished-at="2024-03-30T15:20:25 IST" duration-ms="4207" status="FAIL">
          <exception class="java.lang.AssertionError">
            <message>
              <![CDATA[expected [Blue Shoes] but found [Blue Shoes1]]]>
            </message>
            <full-stacktrace>
              <![CDATA[java.lang.AssertionError: expected [Blue Shoes] but found [Blue Shoes1]
at org.testng.Assert.fail(Assert.java:111)
at org.testng.Assert.failNotEquals(Assert.java:1578)
at org.testng.Assert.assertEqualsImpl(Assert.java:150)
at org.testng.Assert.assertEquals(Assert.java:132)
at org.testng.Assert.assertEquals(Assert.java:656)
at org.testng.Assert.assertEquals(Assert.java:666)
at com.tests.selenium.optimizedTests.NavigationTest.NavigateFromHomeToFeaturedProductPage(NavigationTest.java:44)
at java.base/jdk.internal.reflect.DirectMethodHandleAccessor.invoke(DirectMethodHandleAccessor.java:103)
at java.base/java.lang.reflect.Method.invoke(Method.java:580)
at org.testng.internal.invokers.MethodInvocationHelper.invokeMethod(MethodInvocationHelper.java:139)
at org.testng.internal.invokers.TestInvoker.invokeMethod(TestInvoker.java:664)
at org.testng.internal.invokers.TestInvoker.invokeTestMethod(TestInvoker.java:227)
at org.testng.internal.invokers.MethodRunner.runInSequence(MethodRunner.java:50)
at org.testng.internal.invokers.TestInvoker$MethodInvocationAgent.invoke(TestInvoker.java:957)
at org.testng.internal.invokers.TestInvoker.invokeTestMethods(TestInvoker.java:200)
at org.testng.internal.invokers.TestMethodWorker.invokeTestMethods(TestMethodWorker.java:148)
at org.testng.internal.invokers.TestMethodWorker.run(TestMethodWorker.java:128)
at java.base/java.util.concurrent.ThreadPoolExecutor.runWorker(ThreadPoolExecutor.java:1144)
at java.base/java.util.concurrent.ThreadPoolExecutor$Worker.run(ThreadPoolExecutor.java:642)
at java.base/java.lang.Thread.run(Thread.java:1583)
]]>
            </full-stacktrace>
          </exception> <!-- java.lang.AssertionError -->
          <reporter-output>
          </reporter-output>
        </test-method> <!-- NavigateFromHomeToFeaturedProductPage -->
        <test-method is-config="true" signature="quitDriver(org.testng.ITestResult)[pri:0, instance:com.tests.selenium.optimizedTests.NavigationTest@ddf20fd]" started-at="2024-03-30T15:20:25 IST" name="quitDriver" finished-at="2024-03-30T15:20:25 IST" duration-ms="408" status="PASS">
          <params>
            <param index="0">
              <value>
                <![CDATA[[TestResult name=NavigateFromHomeToFeaturedProductPage status=FAILURE method=NavigationTest.NavigateFromHomeToFeaturedProductPage()[pri:0, instance:com.tests.selenium.optimizedTests.NavigationTest@ddf20fd] output={null}]]]>
              </value>
            </param>
          </params>
          <reporter-output>
          </reporter-output>
        </test-method> <!-- quitDriver -->
        <test-method is-config="true" signature="quitDriver(org.testng.ITestResult)[pri:0, instance:com.tests.selenium.optimizedTests.NavigationTest@ddf20fd]" started-at="2024-03-30T15:20:25 IST" name="quitDriver" finished-at="2024-03-30T15:20:25 IST" duration-ms="450" status="PASS">
          <params>
            <param index="0">
              <value>
                <![CDATA[[TestResult name=NavigateFromStoreToProductPage status=SUCCESS method=NavigationTest.NavigateFromStoreToProductPage()[pri:0, instance:com.tests.selenium.optimizedTests.NavigationTest@ddf20fd] output={null}]]]>
              </value>
            </param>
          </params>
          <reporter-output>
          </reporter-output>
        </test-method> <!-- quitDriver -->
        <test-method is-config="true" signature="startDriver(java.lang.String)[pri:0, instance:com.tests.selenium.optimizedTests.NavigationTest@ddf20fd]" started-at="2024-03-30T15:20:25 IST" name="startDriver" finished-at="2024-03-30T15:20:26 IST" duration-ms="1138" status="PASS">
          <params>
            <param index="0">
              <value>
                <![CDATA[CHROME]]>
              </value>
            </param>
          </params>
          <reporter-output>
          </reporter-output>
        </test-method> <!-- startDriver -->
        <test-method signature="NavigationFromHomeToStoreUSingMainMenu()[pri:0, instance:com.tests.selenium.optimizedTests.NavigationTest@ddf20fd]" started-at="2024-03-30T15:20:26 IST" name="NavigationFromHomeToStoreUSingMainMenu" finished-at="2024-03-30T15:20:31 IST" duration-ms="4406" status="PASS">
          <reporter-output>
          </reporter-output>
        </test-method> <!-- NavigationFromHomeToStoreUSingMainMenu -->
        <test-method is-config="true" signature="quitDriver(org.testng.ITestResult)[pri:0, instance:com.tests.selenium.optimizedTests.NavigationTest@ddf20fd]" started-at="2024-03-30T15:20:31 IST" name="quitDriver" finished-at="2024-03-30T15:20:31 IST" duration-ms="331" status="PASS">
          <params>
            <param index="0">
              <value>
                <![CDATA[[TestResult name=NavigationFromHomeToStoreUSingMainMenu status=SUCCESS method=NavigationTest.NavigationFromHomeToStoreUSingMainMenu()[pri:0, instance:com.tests.selenium.optimizedTests.NavigationTest@ddf20fd] output={null}]]]>
              </value>
            </param>
          </params>
          <reporter-output>
          </reporter-output>
        </test-method> <!-- quitDriver -->
      </class> <!-- com.tests.selenium.optimizedTests.NavigationTest -->
    </test> <!-- Sanity_Test -->
  </suite> <!-- Suite_Sanity -->
</testng-results>
